<?xml version="1.0" encoding="UTF-8"?>
<!-- Generated by org.testng.reporters.JUnitReportReporter -->
<testsuite skipped="0" hostname="ARJUN" name="fblogs.Facebook" tests="1" failures="0" timestamp="03 Aug 2019 15:17:54 GMT" time="1.973" errors="0">
  <testcase name="login" time="1.973" classname="fblogs.Facebook"/>
</testsuite> <!-- fblogs.Facebook -->
